<?xml version="1.0" encoding="UTF-8"?>
<!-- Generated by org.testng.reporters.JUnitReportReporter -->
<testsuite skipped="0" hostname="DESKTOP-P44TVGI" name="feb13.Groupdemo" tests="3" failures="0" timestamp="14 Feb 2019 12:18:11 GMT" time="0.008" errors="0">
  <testcase name="deleteeUser" time="0.002" classname="feb13.Groupdemo"/>
  <testcase name="editUser" time="0.004" classname="feb13.Groupdemo"/>
  <testcase name="createUser" time="0.002" classname="feb13.Groupdemo"/>
</testsuite> <!-- feb13.Groupdemo -->
