<?xml version="1.0" encoding="UTF-8"?>
<!-- Generated by org.testng.reporters.JUnitReportReporter -->
<testsuite skipped="0" hostname="DESKTOP-P44TVGI" name="tues12.demoA" tests="1" failures="0" timestamp="12 Feb 2019 09:35:19 GMT" time="0.012" errors="0">
  <testcase name="testA" time="0.012" classname="tues12.demoA"/>
</testsuite> <!-- tues12.demoA -->
