<?xml version="1.0" encoding="UTF-8"?>
<!-- Generated by org.testng.reporters.JUnitReportReporter -->
<testsuite skipped="0" hostname="DESKTOP-P44TVGI" name="tues12.demoB" tests="2" failures="0" timestamp="12 Feb 2019 09:35:19 GMT" time="0.009" errors="0">
  <testcase name="testB1" time="0.005" classname="tues12.demoB"/>
  <testcase name="testB2" time="0.004" classname="tues12.demoB"/>
</testsuite> <!-- tues12.demoB -->
