<?xml version="1.0" encoding="UTF-8"?>
<!-- Generated by org.testng.reporters.JUnitReportReporter -->
<testsuite skipped="0" hostname="DESKTOP-P44TVGI" name="Qspf12.test" tests="1" failures="0" timestamp="13 Feb 2019 10:20:15 GMT" time="0.024" errors="0">
  <testcase name="test1" time="0.024" classname="Qspf12.test"/>
</testsuite> <!-- Qspf12.test -->
