<?xml version="1.0" encoding="UTF-8"?>
<!-- Generated by org.testng.reporters.JUnitReportReporter -->
<testsuite skipped="0" hostname="DESKTOP-P44TVGI" name="feb13.InvocationA" tests="5" failures="0" timestamp="14 Feb 2019 12:18:11 GMT" time="0.039" errors="0">
  <testcase name="createUser" time="0.026" classname="feb13.InvocationA"/>
  <testcase name="createUser" time="0.007" classname="feb13.InvocationA"/>
  <testcase name="editUser" time="0.002" classname="feb13.InvocationA"/>
  <testcase name="editUser" time="0.002" classname="feb13.InvocationA"/>
  <testcase name="deleteeUser" time="0.002" classname="feb13.InvocationA"/>
</testsuite> <!-- feb13.InvocationA -->
